<?xml version="1.0" encoding="UTF-8"?>
<!-- Generated by org.testng.reporters.JUnitReportReporter -->
<testsuite hostname="mymac-3.local" failures="0" tests="3" name="cucumberOptions.TestRunner" time="28.165" errors="1" timestamp="2022-02-03T11:26:45 CST" skipped="0">
  <testcase classname="cucumberOptions.TestRunner" name="runScenario" time="11.619">
    <error message="Unable to find element with locator By.cssSelector: #search-courses
For documentation on this error, please visit: https://selenium.dev/exceptions/#no_such_element
Build info: version: &#039;4.1.1&#039;, revision: &#039;e8fcc2cecf&#039;
System info: host: &#039;mymac-3.local&#039;, ip: &#039;2601:240:e281:3670:0:0:0:dcf%en0&#039;, os.name: &#039;Mac OS X&#039;, os.arch: &#039;aarch64&#039;, os.version: &#039;12.1&#039;, java.version: &#039;17.0.1&#039;
Driver info: driver.version: RemoteWebDriver" type="org.openqa.selenium.NoSuchElementException">
      <![CDATA[org.openqa.selenium.NoSuchElementException: Unable to find element with locator By.cssSelector: #search-courses
For documentation on this error, please visit: https://selenium.dev/exceptions/#no_such_element
Build info: version: '4.1.1', revision: 'e8fcc2cecf'
System info: host: 'mymac-3.local', ip: '2601:240:e281:3670:0:0:0:dcf%en0', os.name: 'Mac OS X', os.arch: 'aarch64', os.version: '12.1', java.version: '17.0.1'
Driver info: driver.version: RemoteWebDriver
at org.openqa.selenium.remote.ElementLocation$ElementFinder$2.findElement(ElementLocation.java:165)
at org.openqa.selenium.remote.ElementLocation.findElement(ElementLocation.java:60)
at org.openqa.selenium.remote.RemoteWebDriver.findElement(RemoteWebDriver.java:367)
at org.openqa.selenium.remote.RemoteWebDriver.findElement(RemoteWebDriver.java:359)
at pageObjects.portalHomePage.getSearchBox(portalHomePage.java:22)
at stepDefinitions.stepDefinition.verify_that_user_is_successfully_logged_in(stepDefinition.java:46)
at âœ½.Verify that user is successfully logged in(file:///Users/kushtar/eclipse-workspace/E2EProject/src/test/java/features/login.feature:8)
]]>
    </error>
  </testcase> <!-- runScenario -->
  <system-out/>
  <testcase classname="cucumberOptions.TestRunner" name="runScenario" time="9.344"/>
  <system-out/>
  <testcase classname="cucumberOptions.TestRunner" name="runScenario" time="7.202"/>
  <system-out/>
</testsuite> <!-- cucumberOptions.TestRunner -->
